c:\users\diego portilla\desktop\grupo final de estructuras\grupo3p\proyecto final\proyectofinal\proyectofinal\proyectofinal\debug\vc142.pdb
c:\users\diego portilla\desktop\grupo final de estructuras\grupo3p\proyecto final\proyectofinal\proyectofinal\proyectofinal\debug\vc142.idb
c:\users\diego portilla\desktop\grupo final de estructuras\grupo3p\proyecto final\proyectofinal\proyectofinal\proyectofinal\debug\transformutils.obj
c:\users\diego portilla\desktop\grupo final de estructuras\grupo3p\proyecto final\proyectofinal\proyectofinal\proyectofinal\debug\huffmantree.obj
c:\users\diego portilla\desktop\grupo final de estructuras\grupo3p\proyecto final\proyectofinal\proyectofinal\proyectofinal\debug\proyectofinal.obj
c:\users\diego portilla\desktop\grupo final de estructuras\grupo3p\proyecto final\proyectofinal\proyectofinal\proyectofinal\debug\node.obj
c:\users\diego portilla\desktop\grupo final de estructuras\grupo3p\proyecto final\proyectofinal\proyectofinal\proyectofinal\debug\binaryfilehelper.obj
c:\users\diego portilla\desktop\grupo final de estructuras\grupo3p\proyecto final\proyectofinal\proyectofinal\proyectofinal\debug\menu_option.obj
c:\users\diego portilla\desktop\grupo final de estructuras\grupo3p\proyecto final\proyectofinal\proyectofinal\proyectofinal\debug\menu.obj
c:\users\diego portilla\desktop\grupo final de estructuras\grupo3p\proyecto final\proyectofinal\proyectofinal\proyectofinal\debug\pdf.obj
c:\users\diego portilla\desktop\grupo final de estructuras\grupo3p\proyecto final\proyectofinal\proyectofinal\proyectofinal\debug\metrics.obj
c:\users\diego portilla\desktop\grupo final de estructuras\grupo3p\proyecto final\proyectofinal\proyectofinal\proyectofinal\debug\generar.obj
c:\users\diego portilla\desktop\grupo final de estructuras\grupo3p\proyecto final\proyectofinal\proyectofinal\debug\proyectofinal.exe
c:\users\diego portilla\desktop\grupo final de estructuras\grupo3p\proyecto final\proyectofinal\proyectofinal\proyectofinal\debug\proyectofinal.ilk
c:\users\diego portilla\desktop\grupo final de estructuras\grupo3p\proyecto final\proyectofinal\proyectofinal\debug\proyectofinal.pdb
c:\users\diego portilla\desktop\grupo final de estructuras\grupo3p\proyecto final\proyectofinal\proyectofinal\proyectofinal\debug\proyectofinal.tlog\cl.command.1.tlog
c:\users\diego portilla\desktop\grupo final de estructuras\grupo3p\proyecto final\proyectofinal\proyectofinal\proyectofinal\debug\proyectofinal.tlog\cl.read.1.tlog
c:\users\diego portilla\desktop\grupo final de estructuras\grupo3p\proyecto final\proyectofinal\proyectofinal\proyectofinal\debug\proyectofinal.tlog\cl.write.1.tlog
c:\users\diego portilla\desktop\grupo final de estructuras\grupo3p\proyecto final\proyectofinal\proyectofinal\proyectofinal\debug\proyectofinal.tlog\link.command.1.tlog
c:\users\diego portilla\desktop\grupo final de estructuras\grupo3p\proyecto final\proyectofinal\proyectofinal\proyectofinal\debug\proyectofinal.tlog\link.read.1.tlog
c:\users\diego portilla\desktop\grupo final de estructuras\grupo3p\proyecto final\proyectofinal\proyectofinal\proyectofinal\debug\proyectofinal.tlog\link.write.1.tlog
